<?xml version="1.0" encoding="UTF-8"?>
<!-- Generated by org.testng.reporters.JUnitReportReporter -->
<testsuite skipped="0" hostname="pratss-MacBook-Pro.local" name="GoogleSearchTest" tests="2" failures="0" timestamp="13 Oct 2019 11:58:49 GMT" time="12.335" errors="0">
  <testcase name="verifySearchTerm_isPresentInSearchResults" time="5.374" classname="GoogleSearchTest"/>
  <testcase name="verifySearchTerm_Mouse" time="6.961" classname="GoogleSearchTest"/>
</testsuite> <!-- GoogleSearchTest -->
